生成启动时间为 2021/11/8/周一 10:57:29。
     1>项目“D:\go_project\MyC2CPP\myLua\luaSocket\luaSocket.vcxproj”在节点 2 上(Rebuild 个目标)。
     1>ClCompile:
         C:\Program Files (x86)\Microsoft Visual Studio 12.0\VC\bin\CL.exe /c /I../lua /ZI /nologo /W3 /WX- /sdl /Od /Oy- /D WIN32 /D _DEBUG /D _LIB /D _UNICODE /D UNICODE /D _CRT_SECURE_NO_WARNINGS /D WIN32_LEAN_AND_MEAN /Gm /EHsc /RTC1 /MTd /GS /fp:precise /Zc:wchar_t /Zc:forScope /Fo"Debug\\" /Fd"Debug\vc120.pdb" /Gd /TC /analyze- /errorReport:prompt auxiliar.c buffer.c except.c inet.c io.c luasocket.c mime.c options.c select.c tcp.c timeout.c udp.c wsocket.c
         wsocket.c
     1>d:\go_project\myc2cpp\mylua\luasocket\wsocket.c(431): warning C4133: “return”: 从“WCHAR *”到“const char *”的类型不兼容
         udp.c
     1>d:\go_project\myc2cpp\mylua\luasocket\udp.c(181): warning C4133: “函数”: 从“WCHAR *”到“const char *”的类型不兼容
     1>d:\go_project\myc2cpp\mylua\luasocket\udp.c(251): warning C4133: “函数”: 从“WCHAR *”到“const char *”的类型不兼容
         timeout.c
         tcp.c
         select.c
         options.c
         mime.c
         luasocket.c
         io.c
         inet.c
     1>d:\go_project\myc2cpp\mylua\luasocket\inet.c(254): warning C4133: “函数”: 从“WCHAR *”到“const char *”的类型不兼容
     1>d:\go_project\myc2cpp\mylua\luasocket\inet.c(288): warning C4133: “函数”: 从“WCHAR *”到“const char *”的类型不兼容
         except.c
         buffer.c
         auxiliar.c
         正在生成代码...
       Lib:
         C:\Program Files (x86)\Microsoft Visual Studio 12.0\VC\bin\Lib.exe /OUT:"D:\go_project\MyC2CPP\myLua\Debug\luaSocket.lib" /NOLOGO Debug\auxiliar.obj
         Debug\buffer.obj
         Debug\except.obj
         Debug\inet.obj
         Debug\io.obj
         Debug\luasocket.obj
         Debug\mime.obj
         Debug\options.obj
         Debug\select.obj
         Debug\tcp.obj
         Debug\timeout.obj
         Debug\udp.obj
         Debug\wsocket.obj
         luaSocket.vcxproj -> D:\go_project\MyC2CPP\myLua\Debug\luaSocket.lib
     1>已完成生成项目“D:\go_project\MyC2CPP\myLua\luaSocket\luaSocket.vcxproj”(Rebuild 个目标)的操作。

生成成功。

已用时间 00:00:01.25
