d:\go_project\myc2cpp\mylua\luasocket\debug\vc120.pdb
d:\go_project\myc2cpp\mylua\luasocket\debug\vc120.idb
d:\go_project\myc2cpp\mylua\luasocket\debug\auxiliar.obj
d:\go_project\myc2cpp\mylua\luasocket\debug\buffer.obj
d:\go_project\myc2cpp\mylua\luasocket\debug\except.obj
d:\go_project\myc2cpp\mylua\luasocket\debug\inet.obj
d:\go_project\myc2cpp\mylua\luasocket\debug\io.obj
d:\go_project\myc2cpp\mylua\luasocket\debug\luasocket.obj
d:\go_project\myc2cpp\mylua\luasocket\debug\mime.obj
d:\go_project\myc2cpp\mylua\luasocket\debug\options.obj
d:\go_project\myc2cpp\mylua\luasocket\debug\select.obj
d:\go_project\myc2cpp\mylua\luasocket\debug\tcp.obj
d:\go_project\myc2cpp\mylua\luasocket\debug\timeout.obj
d:\go_project\myc2cpp\mylua\luasocket\debug\udp.obj
d:\go_project\myc2cpp\mylua\luasocket\debug\wsocket.obj
d:\go_project\myc2cpp\mylua\debug\luasocket.lib
d:\go_project\myc2cpp\mylua\luasocket\debug\luasocket.tlog\cl.command.1.tlog
d:\go_project\myc2cpp\mylua\luasocket\debug\luasocket.tlog\cl.read.1.tlog
d:\go_project\myc2cpp\mylua\luasocket\debug\luasocket.tlog\cl.write.1.tlog
d:\go_project\myc2cpp\mylua\luasocket\debug\luasocket.tlog\lib-link.read.1.tlog
d:\go_project\myc2cpp\mylua\luasocket\debug\luasocket.tlog\lib-link.write.1.tlog
d:\go_project\myc2cpp\mylua\luasocket\debug\luasocket.tlog\lib.command.1.tlog
